<?xml version="1.0" encoding="UTF-8"?>
<!-- Generated by org.testng.reporters.JUnitReportReporter -->
<testsuite hostname="MSI" failures="0" tests="3" name="test.LoginTest" time="7.289" errors="0" timestamp="2021-11-13T20:26:12 CST" skipped="0">
  <testcase classname="test.LoginTest" name="loginTest2" time="1.345"/>
  <system-out/>
  <testcase classname="test.LoginTest" name="loginTest3" time="0.005"/>
  <system-out/>
  <testcase classname="test.LoginTest" name="loginTest1" time="5.939"/>
  <system-out/>
</testsuite> <!-- test.LoginTest -->
