<?xml version="1.0" encoding="UTF-8"?>
<!-- Generated by org.testng.reporters.JUnitReportReporter -->
<testsuite hostname="MSI" failures="0" tests="4" name="test.AddCustomerTest" time="7.049" errors="0" timestamp="2021-11-13T16:29:40 CST" skipped="0">
  <testcase classname="test.AddCustomerTest" name="loginTest4" time="2.197"/>
  <system-out/>
  <testcase classname="test.AddCustomerTest" name="loginTest2" time="1.554"/>
  <system-out/>
  <testcase classname="test.AddCustomerTest" name="loginTest1" time="3.295"/>
  <system-out/>
  <testcase classname="test.AddCustomerTest" name="loginTest3" time="0.003"/>
  <system-out/>
</testsuite> <!-- test.AddCustomerTest -->
