<?xml version="1.0" encoding="UTF-8"?>
<!-- Generated by org.testng.reporters.JUnitReportReporter -->
<testsuite hostname="DESKTOP-0MDKGSP" failures="0" tests="1" name="season_ng.Test_ng" time="10.269" errors="0" timestamp="2021-11-16T13:33:41 CST" skipped="0">
  <testcase classname="season_ng.Test_ng" name="test" time="10.269"/>
  <system-out/>
</testsuite> <!-- season_ng.Test_ng -->
