<?xml version="1.0" encoding="UTF-8"?>
<!-- Generated by org.testng.reporters.JUnitReportReporter -->
<testsuite hostname="DESKTOP-0MDKGSP" failures="0" tests="1" name="test.AddContact" time="14.315" errors="0" timestamp="2021-12-08T23:25:56 CST" skipped="0">
  <testcase classname="test.AddContact" name="validCustomerShouldBeAbleToAddCustomer" time="14.315"/>
  <system-out/>
</testsuite> <!-- test.AddContact -->
